17-Apr-2025 22:58:33.178 INFO [main] org.apache.catalina.startup.VersionLoggerListener.log Server version name:   Apache Tomcat/10.1.31
17-Apr-2025 22:58:33.183 INFO [main] org.apache.catalina.startup.VersionLoggerListener.log Server built:          Oct 3 2024 19:02:38 UTC
17-Apr-2025 22:58:33.183 INFO [main] org.apache.catalina.startup.VersionLoggerListener.log Server version number: 10.1.31.0
17-Apr-2025 22:58:33.184 INFO [main] org.apache.catalina.startup.VersionLoggerListener.log OS Name:               Windows 11
17-Apr-2025 22:58:33.184 INFO [main] org.apache.catalina.startup.VersionLoggerListener.log OS Version:            10.0
17-Apr-2025 22:58:33.184 INFO [main] org.apache.catalina.startup.VersionLoggerListener.log Architecture:          amd64
17-Apr-2025 22:58:33.184 INFO [main] org.apache.catalina.startup.VersionLoggerListener.log Java Home:             C:\Users\phuon\.jdks\openjdk-23.0.2
17-Apr-2025 22:58:33.185 INFO [main] org.apache.catalina.startup.VersionLoggerListener.log JVM Version:           23.0.2+7-58
17-Apr-2025 22:58:33.185 INFO [main] org.apache.catalina.startup.VersionLoggerListener.log JVM Vendor:            Oracle Corporation
17-Apr-2025 22:58:33.185 INFO [main] org.apache.catalina.startup.VersionLoggerListener.log CATALINA_BASE:         D:\TTW_Project\project_fruit
17-Apr-2025 22:58:33.185 INFO [main] org.apache.catalina.startup.VersionLoggerListener.log CATALINA_HOME:         D:\apache-tomcat-10.1.31\apache-tomcat-10.1.31
17-Apr-2025 22:58:33.206 INFO [main] org.apache.catalina.startup.VersionLoggerListener.log Command line argument: --add-opens=java.base/java.lang=ALL-UNNAMED
17-Apr-2025 22:58:33.206 INFO [main] org.apache.catalina.startup.VersionLoggerListener.log Command line argument: --add-opens=java.base/java.io=ALL-UNNAMED
17-Apr-2025 22:58:33.206 INFO [main] org.apache.catalina.startup.VersionLoggerListener.log Command line argument: --add-opens=java.base/java.util=ALL-UNNAMED
17-Apr-2025 22:58:33.206 INFO [main] org.apache.catalina.startup.VersionLoggerListener.log Command line argument: --add-opens=java.base/java.util.concurrent=ALL-UNNAMED
17-Apr-2025 22:58:33.207 INFO [main] org.apache.catalina.startup.VersionLoggerListener.log Command line argument: --add-opens=java.rmi/sun.rmi.transport=ALL-UNNAMED
17-Apr-2025 22:58:33.208 INFO [main] org.apache.catalina.startup.VersionLoggerListener.log Command line argument: -Dcatalina.home=D:\apache-tomcat-10.1.31\apache-tomcat-10.1.31
17-Apr-2025 22:58:33.208 INFO [main] org.apache.catalina.startup.VersionLoggerListener.log Command line argument: -Dcatalina.base=D:\TTW_Project\project_fruit
17-Apr-2025 22:58:33.208 INFO [main] org.apache.catalina.startup.VersionLoggerListener.log Command line argument: -Djava.io.tmpdir=D:\TTW_Project\project_fruit\temp
17-Apr-2025 22:58:33.209 INFO [main] org.apache.catalina.startup.VersionLoggerListener.log Command line argument: -Djava.util.logging.config.file=D:\TTW_Project\project_fruit\conf\logging.properties
17-Apr-2025 22:58:33.209 INFO [main] org.apache.catalina.startup.VersionLoggerListener.log Command line argument: -Djava.util.logging.manager=org.apache.juli.ClassLoaderLogManager
17-Apr-2025 22:58:33.209 INFO [main] org.apache.catalina.startup.VersionLoggerListener.log Command line argument: -javaagent:D:\Phát\IntelliJ IDEA 2024.3.1\lib\idea_rt.jar=57246:D:\Phát\IntelliJ IDEA 2024.3.1\bin
17-Apr-2025 22:58:33.209 INFO [main] org.apache.catalina.startup.VersionLoggerListener.log Command line argument: -Dfile.encoding=UTF-8
17-Apr-2025 22:58:33.209 INFO [main] org.apache.catalina.startup.VersionLoggerListener.log Command line argument: -Dsun.stdout.encoding=UTF-8
17-Apr-2025 22:58:33.209 INFO [main] org.apache.catalina.startup.VersionLoggerListener.log Command line argument: -Dsun.stderr.encoding=UTF-8
17-Apr-2025 22:58:33.212 INFO [main] org.apache.catalina.core.AprLifecycleListener.lifecycleEvent The Apache Tomcat Native library which allows using OpenSSL was not found on the java.library.path: [C:\Users\phuon\.jdks\openjdk-23.0.2\bin;C:\Windows\Sun\Java\bin;C:\Windows\system32;C:\Windows;C:\Users\phuon\AppData\Local\Microsoft\WindowsApps;C:\Phát\VisualCode\Microsoft VS Code\bin;C:\Users\phuon\.dotnet\tools;D:\Phát\IntelliJ IDEA 2024.3.1\bin;;.]
17-Apr-2025 22:58:33.613 INFO [main] org.apache.coyote.AbstractProtocol.init Initializing ProtocolHandler ["http-nio-8080"]
17-Apr-2025 22:58:33.644 INFO [main] org.apache.catalina.startup.Catalina.load Server initialization in [736] milliseconds
17-Apr-2025 22:58:33.707 INFO [main] org.apache.catalina.core.StandardService.startInternal Starting service [Catalina]
17-Apr-2025 22:58:33.707 INFO [main] org.apache.catalina.core.StandardEngine.startInternal Starting Servlet engine: [Apache Tomcat/10.1.31]
17-Apr-2025 22:58:33.725 INFO [main] org.apache.catalina.startup.HostConfig.deployDescriptor Deploying deployment descriptor [D:\TTW_Project\project_fruit\conf\Catalina\localhost\project_fruit.xml]
17-Apr-2025 22:58:35.397 INFO [main] org.apache.jasper.servlet.TldScanner.scanJars At least one JAR was scanned for TLDs yet contained no TLDs. Enable debug logging for this logger for a complete list of JARs that were scanned but no TLDs were found in them. Skipping unneeded JARs during scanning can improve startup time and JSP compilation time.
17-Apr-2025 22:58:35.458 INFO [main] org.apache.catalina.startup.HostConfig.deployDescriptor Deployment of deployment descriptor [D:\TTW_Project\project_fruit\conf\Catalina\localhost\project_fruit.xml] has finished in [1,733] ms
17-Apr-2025 22:58:35.462 INFO [main] org.apache.coyote.AbstractProtocol.start Starting ProtocolHandler ["http-nio-8080"]
17-Apr-2025 22:58:35.483 INFO [main] org.apache.catalina.startup.Catalina.start Server startup in [1836] milliseconds
17-Apr-2025 23:01:52.624 INFO [Thread-1] org.apache.coyote.AbstractProtocol.pause Pausing ProtocolHandler ["http-nio-8080"]
17-Apr-2025 23:01:52.629 INFO [Thread-1] org.apache.catalina.core.StandardService.stopInternal Stopping service [Catalina]
17-Apr-2025 23:01:52.636 WARNING [Thread-1] org.apache.catalina.loader.WebappClassLoaderBase.clearReferencesJdbc The web application [project_fruit] registered the JDBC driver [com.mysql.cj.jdbc.Driver] but failed to unregister it when the web application was stopped. To prevent a memory leak, the JDBC Driver has been forcibly unregistered.
17-Apr-2025 23:01:52.638 WARNING [Thread-1] org.apache.catalina.loader.WebappClassLoaderBase.clearReferencesThreads The web application [project_fruit] appears to have started a thread named [mysql-cj-abandoned-connection-cleanup] but has failed to stop it. This is very likely to create a memory leak. Stack trace of thread:
 java.base/jdk.internal.misc.Unsafe.park(Native Method)
 java.base/java.util.concurrent.locks.LockSupport.parkNanos(LockSupport.java:269)
 java.base/java.util.concurrent.locks.AbstractQueuedSynchronizer$ConditionObject.await(AbstractQueuedSynchronizer.java:1852)
 java.base/java.lang.ref.ReferenceQueue.await(ReferenceQueue.java:79)
 java.base/java.lang.ref.ReferenceQueue.remove0(ReferenceQueue.java:151)
 java.base/java.lang.ref.ReferenceQueue.remove(ReferenceQueue.java:229)
 com.mysql.cj.jdbc.AbandonedConnectionCleanupThread.run(AbandonedConnectionCleanupThread.java:91)
 java.base/java.util.concurrent.ThreadPoolExecutor.runWorker(ThreadPoolExecutor.java:1144)
 java.base/java.util.concurrent.ThreadPoolExecutor$Worker.run(ThreadPoolExecutor.java:642)
 java.base/java.lang.Thread.run(Thread.java:1575)
17-Apr-2025 23:01:52.645 INFO [Thread-1] org.apache.coyote.AbstractProtocol.stop Stopping ProtocolHandler ["http-nio-8080"]
17-Apr-2025 23:01:52.664 INFO [Thread-1] org.apache.coyote.AbstractProtocol.destroy Destroying ProtocolHandler ["http-nio-8080"]
17-Apr-2025 23:01:59.137 INFO [main] org.apache.catalina.startup.VersionLoggerListener.log Server version name:   Apache Tomcat/10.1.31
17-Apr-2025 23:01:59.144 INFO [main] org.apache.catalina.startup.VersionLoggerListener.log Server built:          Oct 3 2024 19:02:38 UTC
17-Apr-2025 23:01:59.144 INFO [main] org.apache.catalina.startup.VersionLoggerListener.log Server version number: 10.1.31.0
17-Apr-2025 23:01:59.144 INFO [main] org.apache.catalina.startup.VersionLoggerListener.log OS Name:               Windows 11
17-Apr-2025 23:01:59.144 INFO [main] org.apache.catalina.startup.VersionLoggerListener.log OS Version:            10.0
17-Apr-2025 23:01:59.144 INFO [main] org.apache.catalina.startup.VersionLoggerListener.log Architecture:          amd64
17-Apr-2025 23:01:59.145 INFO [main] org.apache.catalina.startup.VersionLoggerListener.log Java Home:             C:\Users\phuon\.jdks\openjdk-23.0.2
17-Apr-2025 23:01:59.145 INFO [main] org.apache.catalina.startup.VersionLoggerListener.log JVM Version:           23.0.2+7-58
17-Apr-2025 23:01:59.145 INFO [main] org.apache.catalina.startup.VersionLoggerListener.log JVM Vendor:            Oracle Corporation
17-Apr-2025 23:01:59.145 INFO [main] org.apache.catalina.startup.VersionLoggerListener.log CATALINA_BASE:         D:\TTW_Project\project_fruit
17-Apr-2025 23:01:59.145 INFO [main] org.apache.catalina.startup.VersionLoggerListener.log CATALINA_HOME:         D:\apache-tomcat-10.1.31\apache-tomcat-10.1.31
17-Apr-2025 23:01:59.164 INFO [main] org.apache.catalina.startup.VersionLoggerListener.log Command line argument: --add-opens=java.base/java.lang=ALL-UNNAMED
17-Apr-2025 23:01:59.164 INFO [main] org.apache.catalina.startup.VersionLoggerListener.log Command line argument: --add-opens=java.base/java.io=ALL-UNNAMED
17-Apr-2025 23:01:59.164 INFO [main] org.apache.catalina.startup.VersionLoggerListener.log Command line argument: --add-opens=java.base/java.util=ALL-UNNAMED
17-Apr-2025 23:01:59.164 INFO [main] org.apache.catalina.startup.VersionLoggerListener.log Command line argument: --add-opens=java.base/java.util.concurrent=ALL-UNNAMED
17-Apr-2025 23:01:59.165 INFO [main] org.apache.catalina.startup.VersionLoggerListener.log Command line argument: --add-opens=java.rmi/sun.rmi.transport=ALL-UNNAMED
17-Apr-2025 23:01:59.165 INFO [main] org.apache.catalina.startup.VersionLoggerListener.log Command line argument: -Dcatalina.home=D:\apache-tomcat-10.1.31\apache-tomcat-10.1.31
17-Apr-2025 23:01:59.165 INFO [main] org.apache.catalina.startup.VersionLoggerListener.log Command line argument: -Dcatalina.base=D:\TTW_Project\project_fruit
17-Apr-2025 23:01:59.165 INFO [main] org.apache.catalina.startup.VersionLoggerListener.log Command line argument: -Djava.io.tmpdir=D:\TTW_Project\project_fruit\temp
17-Apr-2025 23:01:59.165 INFO [main] org.apache.catalina.startup.VersionLoggerListener.log Command line argument: -Djava.util.logging.config.file=D:\TTW_Project\project_fruit\conf\logging.properties
17-Apr-2025 23:01:59.165 INFO [main] org.apache.catalina.startup.VersionLoggerListener.log Command line argument: -Djava.util.logging.manager=org.apache.juli.ClassLoaderLogManager
17-Apr-2025 23:01:59.165 INFO [main] org.apache.catalina.startup.VersionLoggerListener.log Command line argument: -javaagent:D:\Phát\IntelliJ IDEA 2024.3.1\lib\idea_rt.jar=57302:D:\Phát\IntelliJ IDEA 2024.3.1\bin
17-Apr-2025 23:01:59.165 INFO [main] org.apache.catalina.startup.VersionLoggerListener.log Command line argument: -Dfile.encoding=UTF-8
17-Apr-2025 23:01:59.166 INFO [main] org.apache.catalina.startup.VersionLoggerListener.log Command line argument: -Dsun.stdout.encoding=UTF-8
17-Apr-2025 23:01:59.166 INFO [main] org.apache.catalina.startup.VersionLoggerListener.log Command line argument: -Dsun.stderr.encoding=UTF-8
17-Apr-2025 23:01:59.169 INFO [main] org.apache.catalina.core.AprLifecycleListener.lifecycleEvent The Apache Tomcat Native library which allows using OpenSSL was not found on the java.library.path: [C:\Users\phuon\.jdks\openjdk-23.0.2\bin;C:\Windows\Sun\Java\bin;C:\Windows\system32;C:\Windows;C:\Users\phuon\AppData\Local\Microsoft\WindowsApps;C:\Phát\VisualCode\Microsoft VS Code\bin;C:\Users\phuon\.dotnet\tools;D:\Phát\IntelliJ IDEA 2024.3.1\bin;;.]
17-Apr-2025 23:01:59.574 INFO [main] org.apache.coyote.AbstractProtocol.init Initializing ProtocolHandler ["http-nio-8080"]
17-Apr-2025 23:01:59.599 INFO [main] org.apache.catalina.startup.Catalina.load Server initialization in [743] milliseconds
17-Apr-2025 23:01:59.655 INFO [main] org.apache.catalina.core.StandardService.startInternal Starting service [Catalina]
17-Apr-2025 23:01:59.656 INFO [main] org.apache.catalina.core.StandardEngine.startInternal Starting Servlet engine: [Apache Tomcat/10.1.31]
17-Apr-2025 23:01:59.667 INFO [main] org.apache.catalina.startup.HostConfig.deployDescriptor Deploying deployment descriptor [D:\TTW_Project\project_fruit\conf\Catalina\localhost\project_fruit.xml]
17-Apr-2025 23:02:02.324 INFO [main] org.apache.jasper.servlet.TldScanner.scanJars At least one JAR was scanned for TLDs yet contained no TLDs. Enable debug logging for this logger for a complete list of JARs that were scanned but no TLDs were found in them. Skipping unneeded JARs during scanning can improve startup time and JSP compilation time.
17-Apr-2025 23:02:02.413 INFO [main] org.apache.catalina.startup.HostConfig.deployDescriptor Deployment of deployment descriptor [D:\TTW_Project\project_fruit\conf\Catalina\localhost\project_fruit.xml] has finished in [2,746] ms
17-Apr-2025 23:02:02.419 INFO [main] org.apache.coyote.AbstractProtocol.start Starting ProtocolHandler ["http-nio-8080"]
17-Apr-2025 23:02:02.447 INFO [main] org.apache.catalina.startup.Catalina.start Server startup in [2846] milliseconds
17-Apr-2025 23:03:12.175 INFO [Thread-1] org.apache.coyote.AbstractProtocol.pause Pausing ProtocolHandler ["http-nio-8080"]
17-Apr-2025 23:03:12.177 INFO [Thread-1] org.apache.catalina.core.StandardService.stopInternal Stopping service [Catalina]
17-Apr-2025 23:03:12.182 WARNING [Thread-1] org.apache.catalina.loader.WebappClassLoaderBase.clearReferencesJdbc The web application [project_fruit] registered the JDBC driver [com.mysql.cj.jdbc.Driver] but failed to unregister it when the web application was stopped. To prevent a memory leak, the JDBC Driver has been forcibly unregistered.
17-Apr-2025 23:03:12.182 WARNING [Thread-1] org.apache.catalina.loader.WebappClassLoaderBase.clearReferencesThreads The web application [project_fruit] appears to have started a thread named [mysql-cj-abandoned-connection-cleanup] but has failed to stop it. This is very likely to create a memory leak. Stack trace of thread:
 java.base/jdk.internal.misc.Unsafe.park(Native Method)
 java.base/java.util.concurrent.locks.LockSupport.parkNanos(LockSupport.java:269)
 java.base/java.util.concurrent.locks.AbstractQueuedSynchronizer$ConditionObject.await(AbstractQueuedSynchronizer.java:1852)
 java.base/java.lang.ref.ReferenceQueue.await(ReferenceQueue.java:79)
 java.base/java.lang.ref.ReferenceQueue.remove0(ReferenceQueue.java:151)
 java.base/java.lang.ref.ReferenceQueue.remove(ReferenceQueue.java:229)
 com.mysql.cj.jdbc.AbandonedConnectionCleanupThread.run(AbandonedConnectionCleanupThread.java:91)
 java.base/java.util.concurrent.ThreadPoolExecutor.runWorker(ThreadPoolExecutor.java:1144)
 java.base/java.util.concurrent.ThreadPoolExecutor$Worker.run(ThreadPoolExecutor.java:642)
 java.base/java.lang.Thread.run(Thread.java:1575)
17-Apr-2025 23:03:12.189 INFO [Thread-1] org.apache.coyote.AbstractProtocol.stop Stopping ProtocolHandler ["http-nio-8080"]
17-Apr-2025 23:03:12.216 INFO [Thread-1] org.apache.coyote.AbstractProtocol.destroy Destroying ProtocolHandler ["http-nio-8080"]
17-Apr-2025 23:03:13.786 INFO [main] org.apache.catalina.startup.VersionLoggerListener.log Server version name:   Apache Tomcat/10.1.31
17-Apr-2025 23:03:13.792 INFO [main] org.apache.catalina.startup.VersionLoggerListener.log Server built:          Oct 3 2024 19:02:38 UTC
17-Apr-2025 23:03:13.793 INFO [main] org.apache.catalina.startup.VersionLoggerListener.log Server version number: 10.1.31.0
17-Apr-2025 23:03:13.793 INFO [main] org.apache.catalina.startup.VersionLoggerListener.log OS Name:               Windows 11
17-Apr-2025 23:03:13.793 INFO [main] org.apache.catalina.startup.VersionLoggerListener.log OS Version:            10.0
17-Apr-2025 23:03:13.793 INFO [main] org.apache.catalina.startup.VersionLoggerListener.log Architecture:          amd64
17-Apr-2025 23:03:13.793 INFO [main] org.apache.catalina.startup.VersionLoggerListener.log Java Home:             C:\Users\phuon\.jdks\openjdk-23.0.2
17-Apr-2025 23:03:13.793 INFO [main] org.apache.catalina.startup.VersionLoggerListener.log JVM Version:           23.0.2+7-58
17-Apr-2025 23:03:13.794 INFO [main] org.apache.catalina.startup.VersionLoggerListener.log JVM Vendor:            Oracle Corporation
17-Apr-2025 23:03:13.794 INFO [main] org.apache.catalina.startup.VersionLoggerListener.log CATALINA_BASE:         D:\TTW_Project\project_fruit
17-Apr-2025 23:03:13.794 INFO [main] org.apache.catalina.startup.VersionLoggerListener.log CATALINA_HOME:         D:\apache-tomcat-10.1.31\apache-tomcat-10.1.31
17-Apr-2025 23:03:13.804 INFO [main] org.apache.catalina.startup.VersionLoggerListener.log Command line argument: --add-opens=java.base/java.lang=ALL-UNNAMED
17-Apr-2025 23:03:13.804 INFO [main] org.apache.catalina.startup.VersionLoggerListener.log Command line argument: --add-opens=java.base/java.io=ALL-UNNAMED
17-Apr-2025 23:03:13.804 INFO [main] org.apache.catalina.startup.VersionLoggerListener.log Command line argument: --add-opens=java.base/java.util=ALL-UNNAMED
17-Apr-2025 23:03:13.804 INFO [main] org.apache.catalina.startup.VersionLoggerListener.log Command line argument: --add-opens=java.base/java.util.concurrent=ALL-UNNAMED
17-Apr-2025 23:03:13.804 INFO [main] org.apache.catalina.startup.VersionLoggerListener.log Command line argument: --add-opens=java.rmi/sun.rmi.transport=ALL-UNNAMED
17-Apr-2025 23:03:13.805 INFO [main] org.apache.catalina.startup.VersionLoggerListener.log Command line argument: -Dcatalina.home=D:\apache-tomcat-10.1.31\apache-tomcat-10.1.31
17-Apr-2025 23:03:13.805 INFO [main] org.apache.catalina.startup.VersionLoggerListener.log Command line argument: -Dcatalina.base=D:\TTW_Project\project_fruit
17-Apr-2025 23:03:13.805 INFO [main] org.apache.catalina.startup.VersionLoggerListener.log Command line argument: -Djava.io.tmpdir=D:\TTW_Project\project_fruit\temp
17-Apr-2025 23:03:13.805 INFO [main] org.apache.catalina.startup.VersionLoggerListener.log Command line argument: -Djava.util.logging.config.file=D:\TTW_Project\project_fruit\conf\logging.properties
17-Apr-2025 23:03:13.805 INFO [main] org.apache.catalina.startup.VersionLoggerListener.log Command line argument: -Djava.util.logging.manager=org.apache.juli.ClassLoaderLogManager
17-Apr-2025 23:03:13.805 INFO [main] org.apache.catalina.startup.VersionLoggerListener.log Command line argument: -javaagent:D:\Phát\IntelliJ IDEA 2024.3.1\lib\idea_rt.jar=57333:D:\Phát\IntelliJ IDEA 2024.3.1\bin
17-Apr-2025 23:03:13.805 INFO [main] org.apache.catalina.startup.VersionLoggerListener.log Command line argument: -Dfile.encoding=UTF-8
17-Apr-2025 23:03:13.806 INFO [main] org.apache.catalina.startup.VersionLoggerListener.log Command line argument: -Dsun.stdout.encoding=UTF-8
17-Apr-2025 23:03:13.806 INFO [main] org.apache.catalina.startup.VersionLoggerListener.log Command line argument: -Dsun.stderr.encoding=UTF-8
17-Apr-2025 23:03:13.808 INFO [main] org.apache.catalina.core.AprLifecycleListener.lifecycleEvent The Apache Tomcat Native library which allows using OpenSSL was not found on the java.library.path: [C:\Users\phuon\.jdks\openjdk-23.0.2\bin;C:\Windows\Sun\Java\bin;C:\Windows\system32;C:\Windows;C:\Users\phuon\AppData\Local\Microsoft\WindowsApps;C:\Phát\VisualCode\Microsoft VS Code\bin;C:\Users\phuon\.dotnet\tools;D:\Phát\IntelliJ IDEA 2024.3.1\bin;;.]
17-Apr-2025 23:03:14.180 INFO [main] org.apache.coyote.AbstractProtocol.init Initializing ProtocolHandler ["http-nio-8080"]
17-Apr-2025 23:03:14.204 INFO [main] org.apache.catalina.startup.Catalina.load Server initialization in [656] milliseconds
17-Apr-2025 23:03:14.266 INFO [main] org.apache.catalina.core.StandardService.startInternal Starting service [Catalina]
17-Apr-2025 23:03:14.266 INFO [main] org.apache.catalina.core.StandardEngine.startInternal Starting Servlet engine: [Apache Tomcat/10.1.31]
17-Apr-2025 23:03:14.282 INFO [main] org.apache.catalina.startup.HostConfig.deployDescriptor Deploying deployment descriptor [D:\TTW_Project\project_fruit\conf\Catalina\localhost\project_fruit.xml]
17-Apr-2025 23:03:15.836 INFO [main] org.apache.jasper.servlet.TldScanner.scanJars At least one JAR was scanned for TLDs yet contained no TLDs. Enable debug logging for this logger for a complete list of JARs that were scanned but no TLDs were found in them. Skipping unneeded JARs during scanning can improve startup time and JSP compilation time.
17-Apr-2025 23:03:15.898 INFO [main] org.apache.catalina.startup.HostConfig.deployDescriptor Deployment of deployment descriptor [D:\TTW_Project\project_fruit\conf\Catalina\localhost\project_fruit.xml] has finished in [1,616] ms
17-Apr-2025 23:03:15.901 INFO [main] org.apache.coyote.AbstractProtocol.start Starting ProtocolHandler ["http-nio-8080"]
17-Apr-2025 23:03:15.921 INFO [main] org.apache.catalina.startup.Catalina.start Server startup in [1716] milliseconds
17-Apr-2025 23:04:26.030 INFO [Thread-1] org.apache.coyote.AbstractProtocol.pause Pausing ProtocolHandler ["http-nio-8080"]
17-Apr-2025 23:04:26.035 INFO [Thread-1] org.apache.catalina.core.StandardService.stopInternal Stopping service [Catalina]
17-Apr-2025 23:04:26.046 WARNING [Thread-1] org.apache.catalina.loader.WebappClassLoaderBase.clearReferencesJdbc The web application [project_fruit] registered the JDBC driver [com.mysql.cj.jdbc.Driver] but failed to unregister it when the web application was stopped. To prevent a memory leak, the JDBC Driver has been forcibly unregistered.
17-Apr-2025 23:04:26.046 WARNING [Thread-1] org.apache.catalina.loader.WebappClassLoaderBase.clearReferencesThreads The web application [project_fruit] appears to have started a thread named [mysql-cj-abandoned-connection-cleanup] but has failed to stop it. This is very likely to create a memory leak. Stack trace of thread:
 java.base/jdk.internal.misc.Unsafe.park(Native Method)
 java.base/java.util.concurrent.locks.LockSupport.parkNanos(LockSupport.java:269)
 java.base/java.util.concurrent.locks.AbstractQueuedSynchronizer$ConditionObject.await(AbstractQueuedSynchronizer.java:1852)
 java.base/java.lang.ref.ReferenceQueue.await(ReferenceQueue.java:79)
 java.base/java.lang.ref.ReferenceQueue.remove0(ReferenceQueue.java:151)
 java.base/java.lang.ref.ReferenceQueue.remove(ReferenceQueue.java:229)
 com.mysql.cj.jdbc.AbandonedConnectionCleanupThread.run(AbandonedConnectionCleanupThread.java:91)
 java.base/java.util.concurrent.ThreadPoolExecutor.runWorker(ThreadPoolExecutor.java:1144)
 java.base/java.util.concurrent.ThreadPoolExecutor$Worker.run(ThreadPoolExecutor.java:642)
 java.base/java.lang.Thread.run(Thread.java:1575)
17-Apr-2025 23:04:26.054 INFO [Thread-1] org.apache.coyote.AbstractProtocol.stop Stopping ProtocolHandler ["http-nio-8080"]
17-Apr-2025 23:04:26.065 INFO [Thread-1] org.apache.coyote.AbstractProtocol.destroy Destroying ProtocolHandler ["http-nio-8080"]
17-Apr-2025 23:04:29.034 INFO [main] org.apache.catalina.startup.VersionLoggerListener.log Server version name:   Apache Tomcat/10.1.31
17-Apr-2025 23:04:29.040 INFO [main] org.apache.catalina.startup.VersionLoggerListener.log Server built:          Oct 3 2024 19:02:38 UTC
17-Apr-2025 23:04:29.040 INFO [main] org.apache.catalina.startup.VersionLoggerListener.log Server version number: 10.1.31.0
17-Apr-2025 23:04:29.040 INFO [main] org.apache.catalina.startup.VersionLoggerListener.log OS Name:               Windows 11
17-Apr-2025 23:04:29.040 INFO [main] org.apache.catalina.startup.VersionLoggerListener.log OS Version:            10.0
17-Apr-2025 23:04:29.040 INFO [main] org.apache.catalina.startup.VersionLoggerListener.log Architecture:          amd64
17-Apr-2025 23:04:29.040 INFO [main] org.apache.catalina.startup.VersionLoggerListener.log Java Home:             C:\Users\phuon\.jdks\openjdk-23.0.2
17-Apr-2025 23:04:29.040 INFO [main] org.apache.catalina.startup.VersionLoggerListener.log JVM Version:           23.0.2+7-58
17-Apr-2025 23:04:29.040 INFO [main] org.apache.catalina.startup.VersionLoggerListener.log JVM Vendor:            Oracle Corporation
17-Apr-2025 23:04:29.040 INFO [main] org.apache.catalina.startup.VersionLoggerListener.log CATALINA_BASE:         D:\TTW_Project\project_fruit
17-Apr-2025 23:04:29.040 INFO [main] org.apache.catalina.startup.VersionLoggerListener.log CATALINA_HOME:         D:\apache-tomcat-10.1.31\apache-tomcat-10.1.31
17-Apr-2025 23:04:29.052 INFO [main] org.apache.catalina.startup.VersionLoggerListener.log Command line argument: --add-opens=java.base/java.lang=ALL-UNNAMED
17-Apr-2025 23:04:29.052 INFO [main] org.apache.catalina.startup.VersionLoggerListener.log Command line argument: --add-opens=java.base/java.io=ALL-UNNAMED
17-Apr-2025 23:04:29.053 INFO [main] org.apache.catalina.startup.VersionLoggerListener.log Command line argument: --add-opens=java.base/java.util=ALL-UNNAMED
17-Apr-2025 23:04:29.053 INFO [main] org.apache.catalina.startup.VersionLoggerListener.log Command line argument: --add-opens=java.base/java.util.concurrent=ALL-UNNAMED
17-Apr-2025 23:04:29.053 INFO [main] org.apache.catalina.startup.VersionLoggerListener.log Command line argument: --add-opens=java.rmi/sun.rmi.transport=ALL-UNNAMED
17-Apr-2025 23:04:29.053 INFO [main] org.apache.catalina.startup.VersionLoggerListener.log Command line argument: -Dcatalina.home=D:\apache-tomcat-10.1.31\apache-tomcat-10.1.31
17-Apr-2025 23:04:29.053 INFO [main] org.apache.catalina.startup.VersionLoggerListener.log Command line argument: -Dcatalina.base=D:\TTW_Project\project_fruit
17-Apr-2025 23:04:29.053 INFO [main] org.apache.catalina.startup.VersionLoggerListener.log Command line argument: -Djava.io.tmpdir=D:\TTW_Project\project_fruit\temp
17-Apr-2025 23:04:29.054 INFO [main] org.apache.catalina.startup.VersionLoggerListener.log Command line argument: -Djava.util.logging.config.file=D:\TTW_Project\project_fruit\conf\logging.properties
17-Apr-2025 23:04:29.054 INFO [main] org.apache.catalina.startup.VersionLoggerListener.log Command line argument: -Djava.util.logging.manager=org.apache.juli.ClassLoaderLogManager
17-Apr-2025 23:04:29.054 INFO [main] org.apache.catalina.startup.VersionLoggerListener.log Command line argument: -javaagent:D:\Phát\IntelliJ IDEA 2024.3.1\lib\idea_rt.jar=57357:D:\Phát\IntelliJ IDEA 2024.3.1\bin
17-Apr-2025 23:04:29.054 INFO [main] org.apache.catalina.startup.VersionLoggerListener.log Command line argument: -Dfile.encoding=UTF-8
17-Apr-2025 23:04:29.054 INFO [main] org.apache.catalina.startup.VersionLoggerListener.log Command line argument: -Dsun.stdout.encoding=UTF-8
17-Apr-2025 23:04:29.054 INFO [main] org.apache.catalina.startup.VersionLoggerListener.log Command line argument: -Dsun.stderr.encoding=UTF-8
17-Apr-2025 23:04:29.058 INFO [main] org.apache.catalina.core.AprLifecycleListener.lifecycleEvent The Apache Tomcat Native library which allows using OpenSSL was not found on the java.library.path: [C:\Users\phuon\.jdks\openjdk-23.0.2\bin;C:\Windows\Sun\Java\bin;C:\Windows\system32;C:\Windows;C:\Users\phuon\AppData\Local\Microsoft\WindowsApps;C:\Phát\VisualCode\Microsoft VS Code\bin;C:\Users\phuon\.dotnet\tools;D:\Phát\IntelliJ IDEA 2024.3.1\bin;;.]
17-Apr-2025 23:04:29.455 INFO [main] org.apache.coyote.AbstractProtocol.init Initializing ProtocolHandler ["http-nio-8080"]
17-Apr-2025 23:04:29.477 INFO [main] org.apache.catalina.startup.Catalina.load Server initialization in [702] milliseconds
17-Apr-2025 23:04:29.542 INFO [main] org.apache.catalina.core.StandardService.startInternal Starting service [Catalina]
17-Apr-2025 23:04:29.543 INFO [main] org.apache.catalina.core.StandardEngine.startInternal Starting Servlet engine: [Apache Tomcat/10.1.31]
17-Apr-2025 23:04:29.564 INFO [main] org.apache.catalina.startup.HostConfig.deployDescriptor Deploying deployment descriptor [D:\TTW_Project\project_fruit\conf\Catalina\localhost\project_fruit.xml]
17-Apr-2025 23:04:31.137 INFO [main] org.apache.jasper.servlet.TldScanner.scanJars At least one JAR was scanned for TLDs yet contained no TLDs. Enable debug logging for this logger for a complete list of JARs that were scanned but no TLDs were found in them. Skipping unneeded JARs during scanning can improve startup time and JSP compilation time.
17-Apr-2025 23:04:31.215 INFO [main] org.apache.catalina.startup.HostConfig.deployDescriptor Deployment of deployment descriptor [D:\TTW_Project\project_fruit\conf\Catalina\localhost\project_fruit.xml] has finished in [1,651] ms
17-Apr-2025 23:04:31.219 INFO [main] org.apache.coyote.AbstractProtocol.start Starting ProtocolHandler ["http-nio-8080"]
17-Apr-2025 23:04:31.243 INFO [main] org.apache.catalina.startup.Catalina.start Server startup in [1763] milliseconds
17-Apr-2025 23:08:51.031 INFO [Thread-1] org.apache.coyote.AbstractProtocol.pause Pausing ProtocolHandler ["http-nio-8080"]
17-Apr-2025 23:08:51.036 INFO [Thread-1] org.apache.catalina.core.StandardService.stopInternal Stopping service [Catalina]
17-Apr-2025 23:08:51.045 WARNING [Thread-1] org.apache.catalina.loader.WebappClassLoaderBase.clearReferencesJdbc The web application [project_fruit] registered the JDBC driver [com.mysql.cj.jdbc.Driver] but failed to unregister it when the web application was stopped. To prevent a memory leak, the JDBC Driver has been forcibly unregistered.
17-Apr-2025 23:08:51.046 WARNING [Thread-1] org.apache.catalina.loader.WebappClassLoaderBase.clearReferencesThreads The web application [project_fruit] appears to have started a thread named [mysql-cj-abandoned-connection-cleanup] but has failed to stop it. This is very likely to create a memory leak. Stack trace of thread:
 java.base/jdk.internal.misc.Unsafe.park(Native Method)
 java.base/java.util.concurrent.locks.LockSupport.parkNanos(LockSupport.java:269)
 java.base/java.util.concurrent.locks.AbstractQueuedSynchronizer$ConditionObject.await(AbstractQueuedSynchronizer.java:1852)
 java.base/java.lang.ref.ReferenceQueue.await(ReferenceQueue.java:79)
 java.base/java.lang.ref.ReferenceQueue.remove0(ReferenceQueue.java:151)
 java.base/java.lang.ref.ReferenceQueue.remove(ReferenceQueue.java:229)
 com.mysql.cj.jdbc.AbandonedConnectionCleanupThread.run(AbandonedConnectionCleanupThread.java:91)
 java.base/java.util.concurrent.ThreadPoolExecutor.runWorker(ThreadPoolExecutor.java:1144)
 java.base/java.util.concurrent.ThreadPoolExecutor$Worker.run(ThreadPoolExecutor.java:642)
 java.base/java.lang.Thread.run(Thread.java:1575)
17-Apr-2025 23:08:51.054 INFO [Thread-1] org.apache.coyote.AbstractProtocol.stop Stopping ProtocolHandler ["http-nio-8080"]
17-Apr-2025 23:08:51.064 INFO [Thread-1] org.apache.coyote.AbstractProtocol.destroy Destroying ProtocolHandler ["http-nio-8080"]
